app/proguard/seeds.txt
com.zhongping.yingyun.fragment.Fragment_Person_ViewBinding: Fragment_Person_ViewBinding(com.zhongping.yingyun.fragment.Fragment_Person,android.view.View)
com.zhongping.yingyun.activity.RegisterActivity: RegisterActivity()
com.zhongping.yingyun.activity.LoginSuccessActivity
com.zhongping.yingyun.activity.ForgetPsdActivity_ViewBinding: ForgetPsdActivity_ViewBinding(com.zhongping.yingyun.activity.ForgetPsdActivity,android.view.View)
com.zhongping.yingyun.activity.RegisterActivity
com.zhongping.yingyun.activity.ForgetPsdActivity: void onViewClicked(android.view.View)
com.zhongping.yingyun.BaseActivity
com.zhongping.yingyun.activity.LoginActivity: void onViewClicked(android.view.View)
com.zhongping.yingyun.activity.ForgetPsdActivity: ForgetPsdActivity()
com.zhongping.yingyun.activity.MsgCodeActivity
com.zhongping.yingyun.activity.ProtocolActivity: ProtocolActivity()
com.zhongping.yingyun.activity.MsgCodeActivity: void onViewClicked(android.view.View)
com.zhongping.yingyun.activity.MsgCodeActivity_ViewBinding
com.zhongping.yingyun.activity.LoginActivity_ViewBinding: LoginActivity_ViewBinding(com.zhongping.yingyun.activity.LoginActivity,android.view.View)
com.zhongping.yingyun.activity.ProtocolActivity_ViewBinding
com.zhongping.yingyun.activity.RegisterActivity_ViewBinding: RegisterActivity_ViewBinding(com.zhongping.yingyun.activity.RegisterActivity,android.view.View)
com.zhongping.yingyun.activity.MsgCodeActivity_ViewBinding: MsgCodeActivity_ViewBinding(com.zhongping.yingyun.activity.MsgCodeActivity,android.view.View)
com.zhongping.yingyun.tool.Permission.PermissionActivity
com.zhongping.yingyun.fragment.Fragment_Company_ViewBinding
com.zhongping.yingyun.activity.ProtocolActivity_ViewBinding: ProtocolActivity_ViewBinding(com.zhongping.yingyun.activity.ProtocolActivity,android.view.View)
com.zhongping.yingyun.activity.LoginActivity_ViewBinding
com.zhongping.yingyun.activity.LoginSuccessActivity_ViewBinding: LoginSuccessActivity_ViewBinding(com.zhongping.yingyun.activity.LoginSuccessActivity,android.view.View)
com.zhongping.yingyun.fragment.Fragment_Person_ViewBinding
com.zhongping.yingyun.fragment.Fragment_Company_ViewBinding: Fragment_Company_ViewBinding(com.zhongping.yingyun.fragment.Fragment_Company,android.view.View)
com.zhongping.yingyun.activity.RegisterActivity_ViewBinding
com.zhongping.yingyun.activity.LoginActivity
com.zhongping.yingyun.activity.ProtocolActivity
com.zhongping.yingyun.activity.ForgetPsdActivity
com.zhongping.yingyun.activity.LoginSuccessActivity: LoginSuccessActivity()
com.zhongping.yingyun.BaseActivity: BaseActivity()
com.zhongping.yingyun.tool.Permission.PermissionActivity: PermissionActivity()
com.zhongping.yingyun.activity.ForgetPsdActivity_ViewBinding
com.zhongping.yingyun.activity.MsgCodeActivity: MsgCodeActivity()
com.zhongping.yingyun.activity.LoginSuccessActivity_ViewBinding
com.zhongping.yingyun.activity.LoginActivity: LoginActivity()
...
com.google.gson.internal.bind.TypeAdapters$16: TypeAdapters$16()
com.flyco.tablayout.widget.MsgView: void setIsRadiusHalfHeight(boolean)
android.support.v4.view.ViewPager
com.google.gson.internal.bind.TypeAdapters: com.google.gson.TypeAdapter ATOMIC_BOOLEAN
android.support.v7.widget.Toolbar: android.view.Menu getMenu()
android.support.v7.appcompat.R$layout: int abc_tooltip
com.google.gson.internal.bind.TypeAdapters: com.google.gson.TypeAdapterFactory ENUM_FACTORY
com.google.gson.internal.bind.TypeAdapters$5: java.lang.Object read(com.google.gson.stream.JsonReader)
com.google.gson.internal.bind.TypeAdapters$33: java.lang.String toString()
butterknife.BindDrawable: int tint()
android.support.v7.appcompat.R$string: int abc_font_family_display_2_material
android.support.v7.appcompat.R$dimen: int tooltip_vertical_padding
com.google.gson.internal.LinkedTreeMap$LinkedTreeMapIterator
android.support.v7.appcompat.R$dimen: int tooltip_margin
com.flyco.tablayout.R$styleable: int CommonTabLayout_tl_iconHeight
com.google.gson.JsonParser: com.google.gson.JsonElement parse(java.io.Reader)
com.google.gson.internal.bind.TypeAdapters$28
com.google.gson.internal.bind.TypeAdapters$9: java.lang.Object read(com.google.gson.stream.JsonReader)
com.google.gson.internal.LinkedHashTreeMap$KeySet$1: LinkedHashTreeMap$KeySet$1(com.google.gson.internal.LinkedHashTreeMap$KeySet)
android.support.v7.appcompat.R$layout: int abc_list_menu_item_icon
android.support.v7.appcompat.R$style: int Base_V26_Theme_AppCompat
android.support.v7.appcompat.R$attr: int titleTextAppearance
com.google.gson.JsonElement: com.google.gson.JsonObject getAsJsonObject()
com.google.gson.internal.LinkedHashTreeMap$AvlBuilder
com.google.gson.JsonSyntaxException: JsonSyntaxException(java.lang.Throwable)
android.support.v7.appcompat.R$style: int Base_Widget_AppCompat_CompoundButton_CheckBox
android.support.v7.appcompat.R$attr: int dialogTheme
android.support.v7.appcompat.R$attr: int indeterminateProgressStyle
com.google.gson.stream.JsonReader: int NUMBER_CHAR_SIGN
android.support.v7.appcompat.R$styleable: int AppCompatTheme_panelBackground
butterknife.runtime.R$dimen: int notification_large_icon_height
com.google.gson.JsonArray: void add(com.google.gson.JsonElement)
com.google.gson.internal.bind.TypeAdapters$28: void write(com.google.gson.stream.JsonWriter,java.lang.Object)
com.google.gson.Gson: com.google.gson.stream.JsonReader newJsonReader(java.io.Reader)
com.google.gson.JsonArray: com.google.gson.JsonArray deepCopy()
butterknife.runtime.R$styleable: int GradientColor_android_gradientRadius
com.flyco.tablayout.R$id: int iv_tab_icon
com.google.gson.internal.bind.SqlDateTypeAdapter: void write(com.google.gson.stream.JsonWriter,java.lang.Object)
android.support.v7.appcompat.R$styleable: int AnimatedStateListDrawableTransition_android_reversible
com.google.gson.internal.LinkedTreeMap: com.google.gson.internal.LinkedTreeMap$Node findByEntry(java.util.Map$Entry)
com.google.gson.JsonArray: java.util.Iterator iterator()
com.google.gson.GsonBuilder: boolean escapeHtmlChars
butterknife.runtime.R$id: int line3
android.support.compat.R$id: int title
com.google.gson.LongSerializationPolicy: com.google.gson.LongSerializationPolicy[] $VALUES
com.flyco.tablayout.widget.MsgView: void setCornerRadius(int)
com.google.gson.internal.ConstructorConstructor$7: ConstructorConstructor$7(com.google.gson.internal.ConstructorConstructor)
butterknife.R$dimen: int notification_main_column_padding_top
android.support.v7.appcompat.R$styleable: int AppCompatTheme_actionButtonStyle
android.support.v7.appcompat.R$string: int abc_prepend_shortcut_label
com.google.gson.stream.JsonReader: java.lang.String nextString()
android.support.v7.appcompat.R$styleable: int AppCompatTheme_buttonBarButtonStyle
android.support.v7.appcompat.R$attr: int popupTheme
android.support.v7.appcompat.R$style: int Theme_AppCompat_DialogWhenLarge