app/proguard/mapping.txt
# compiler: R8
# compiler_version: 1.4.77
# min_api: 15
com.zhongping.yingyun.BaseActivity -> com.zhongping.yingyun.BaseActivity:
    android.os.Handler handler -> d
    void handleMsg(android.os.Message) -> a
com.zhongping.yingyun.BaseActivity$1 -> com.zhongping.yingyun.a:
    com.zhongping.yingyun.BaseActivity this$0 -> a
com.zhongping.yingyun.ViewPagerFragment -> com.zhongping.yingyun.b:
    android.view.View rootView -> c
    boolean hasCreateView -> a
    boolean isFragmentVisible -> b
    void onViewCreated(android.view.View,android.os.Bundle) -> a
    void onCreate(android.os.Bundle) -> c
    void initVariable() -> ca
    void setUserVisibleHint(boolean) -> h
    void onFragmentVisibleChange(boolean) -> i
com.zhongping.yingyun.activity.ForgetPsdActivity -> com.zhongping.yingyun.activity.ForgetPsdActivity:
    com.zhongping.yingyun.bean.MsgBean msgBean -> b
    android.os.Handler handler -> c
    android.content.Intent intent -> a
com.zhongping.yingyun.activity.ForgetPsdActivity$1 -> com.zhongping.yingyun.activity.a:
    com.zhongping.yingyun.activity.ForgetPsdActivity this$0 -> a
com.zhongping.yingyun.activity.ForgetPsdActivity$2 -> com.zhongping.yingyun.activity.b:
    com.zhongping.yingyun.activity.ForgetPsdActivity this$0 -> a
com.zhongping.yingyun.activity.ForgetPsdActivity_ViewBinding -> com.zhongping.yingyun.activity.ForgetPsdActivity_ViewBinding:
    com.zhongping.yingyun.activity.ForgetPsdActivity target -> a
    android.view.View view7f0700a0 -> c
    android.view.View view7f070029 -> b
    android.view.View view7f070049 -> d
com.zhongping.yingyun.activity.ForgetPsdActivity_ViewBinding$1 -> com.zhongping.yingyun.activity.c:
    com.zhongping.yingyun.activity.ForgetPsdActivity val$target -> a
    com.zhongping.yingyun.activity.ForgetPsdActivity_ViewBinding this$0 -> b
com.zhongping.yingyun.activity.ForgetPsdActivity_ViewBinding$2 -> com.zhongping.yingyun.activity.d:
    com.zhongping.yingyun.activity.ForgetPsdActivity val$target -> a
    com.zhongping.yingyun.activity.ForgetPsdActivity_ViewBinding this$0 -> b
com.zhongping.yingyun.activity.ForgetPsdActivity_ViewBinding$3 -> com.zhongping.yingyun.activity.e:
    com.zhongping.yingyun.activity.ForgetPsdActivity val$target -> a
    com.zhongping.yingyun.activity.ForgetPsdActivity_ViewBinding this$0 -> b
com.zhongping.yingyun.activity.LoginActivity -> com.zhongping.yingyun.activity.LoginActivity:
    okhttp3.OkHttpClient okHttpClient -> b
    android.os.Handler handler -> c
    android.content.Intent intent -> a
    android.os.Handler access$000(com.zhongping.yingyun.activity.LoginActivity) -> a
    void login(java.lang.String) -> a
com.zhongping.yingyun.activity.LoginActivity$1 -> com.zhongping.yingyun.activity.f:
    com.zhongping.yingyun.activity.LoginActivity this$0 -> a
com.zhongping.yingyun.activity.LoginActivity$2 -> com.zhongping.yingyun.activity.g:
    com.zhongping.yingyun.activity.LoginActivity this$0 -> a
com.zhongping.yingyun.activity.LoginActivity$3 -> com.zhongping.yingyun.activity.h:
    com.zhongping.yingyun.activity.LoginActivity this$0 -> a
com.zhongping.yingyun.activity.LoginActivity$4 -> com.zhongping.yingyun.activity.i:
    com.zhongping.yingyun.activity.LoginActivity this$0 -> a
com.zhongping.yingyun.activity.LoginActivity$5 -> com.zhongping.yingyun.activity.j:
    com.zhongping.yingyun.activity.LoginActivity this$0 -> a
com.zhongping.yingyun.activity.LoginActivity$6 -> com.zhongping.yingyun.activity.k:
    com.zhongping.yingyun.activity.LoginActivity this$0 -> a
    void onFailure(okhttp3.Call,java.io.IOException) -> a
    void onResponse(okhttp3.Call,okhttp3.Response) -> a
com.zhongping.yingyun.activity.LoginActivity_ViewBinding -> com.zhongping.yingyun.activity.LoginActivity_ViewBinding:
    com.zhongping.yingyun.activity.LoginActivity target -> a
    android.view.View view7f070048 -> c
    android.view.View view7f070049 -> b
    android.view.View view7f070090 -> e
    android.view.View view7f070070 -> d
    android.view.View view7f070087 -> g
    android.view.View view7f070052 -> f
...
okhttp3.Request$Builder -> b.H$a:
    okhttp3.HttpUrl url -> a
    okhttp3.RequestBody body -> d
    java.lang.Object tag -> e
    okhttp3.Headers$Builder headers -> c
    java.lang.String method -> b
    okhttp3.Request build() -> a
    okhttp3.Request$Builder header(java.lang.String,java.lang.String) -> a
    okhttp3.Request$Builder headers(okhttp3.Headers) -> a
    okhttp3.Request$Builder method(java.lang.String,okhttp3.RequestBody) -> a
    okhttp3.Request$Builder post(okhttp3.RequestBody) -> a
    okhttp3.Request$Builder removeHeader(java.lang.String) -> a
    okhttp3.Request$Builder url(okhttp3.HttpUrl) -> a
    okhttp3.Request$Builder get() -> b
    okhttp3.Request$Builder url(java.lang.String) -> b
okhttp3.RequestBody -> b.J:
    long contentLength() -> a
    okhttp3.RequestBody create(okhttp3.MediaType,byte[]) -> a
    okhttp3.RequestBody create(okhttp3.MediaType,byte[],int,int) -> a
    void writeTo(okio.BufferedSink) -> a
    okhttp3.MediaType contentType() -> b
okhttp3.RequestBody$2 -> b.I:
    int val$offset -> d
    int val$byteCount -> b
    byte[] val$content -> c
    okhttp3.MediaType val$contentType -> a
    long contentLength() -> a
    void writeTo(okio.BufferedSink) -> a
    okhttp3.MediaType contentType() -> b
okhttp3.Response -> b.K:
    okhttp3.Response networkResponse -> h
    long receivedResponseAtMillis -> l
    long sentRequestAtMillis -> k
    okhttp3.ResponseBody body -> g
    okhttp3.Headers headers -> f
    int code -> c
    okhttp3.Response cacheResponse -> i
    okhttp3.Response priorResponse -> j
    okhttp3.Handshake handshake -> e
    okhttp3.Protocol protocol -> b
    okhttp3.CacheControl cacheControl -> m
    okhttp3.Request request -> a
    java.lang.String message -> d
    java.lang.String header(java.lang.String,java.lang.String) -> a
    java.lang.String header(java.lang.String) -> b
    okhttp3.ResponseBody body() -> i
    okhttp3.CacheControl cacheControl() -> j
    int code() -> k
    okhttp3.Handshake handshake() -> l
    okhttp3.Headers headers() -> m
    okhttp3.Response$Builder newBuilder() -> n
    okhttp3.Response priorResponse() -> o
    long receivedResponseAtMillis() -> p
    okhttp3.Request request() -> q
    long sentRequestAtMillis() -> r
okhttp3.Response$Builder -> b.K$a:
    okhttp3.Handshake handshake -> e
    okhttp3.Response networkResponse -> h
    long receivedResponseAtMillis -> l
    long sentRequestAtMillis -> k
    okhttp3.ResponseBody body -> g
    okhttp3.Protocol protocol -> b
    okhttp3.Request request -> a
    int code -> c
    okhttp3.Response cacheResponse -> i
    java.lang.String message -> d
    okhttp3.Headers$Builder headers -> f
    okhttp3.Response priorResponse -> j
    okhttp3.Response$Builder addHeader(java.lang.String,java.lang.String) -> a
    okhttp3.Response$Builder body(okhttp3.ResponseBody) -> a
    okhttp3.Response build() -> a
    okhttp3.Response$Builder cacheResponse(okhttp3.Response) -> a
    void checkSupportResponse(java.lang.String,okhttp3.Response) -> a
    okhttp3.Response$Builder code(int) -> a
    okhttp3.Response$Builder handshake(okhttp3.Handshake) -> a
    okhttp3.Response$Builder headers(okhttp3.Headers) -> a
    okhttp3.Response$Builder message(java.lang.String) -> a
    okhttp3.Response$Builder protocol(okhttp3.Protocol) -> a
    okhttp3.Response$Builder receivedResponseAtMillis(long) -> a
    okhttp3.Response$Builder request(okhttp3.Request) -> a
    okhttp3.Response$Builder networkResponse(okhttp3.Response) -> b
    okhttp3.Response$Builder sentRequestAtMillis(long) -> b
    okhttp3.Response$Builder priorResponse(okhttp3.Response) -> c
    void checkPriorResponse(okhttp3.Response) -> d