app/proguard/unused.txt
com.zhongping.yingyun.activity.RegisterActivity
    static synthetic java.lang.String[] access$000(com.zhongping.yingyun.activity.RegisterActivity)
com.zhongping.yingyun.tool.ThreadUtil
    public void <init>()
com.zhongping.yingyun.R$color
com.zhongping.yingyun.bean.ResultBean
    public void setResultCode(java.lang.String)
    public java.lang.Object getResultDesc()
    public void setResultDesc(java.lang.Object)
    public java.lang.Object getResultData()
    public void setResultData(java.lang.Object)
    public int getTotal()
    public void setTotal(int)
    public int getPageNumber()
    public void setPageNumber(int)
    public java.lang.Object getRows()
    public void setRows(java.lang.Object)
    public java.lang.Object getObject()
    public void setObject(java.lang.Object)
    public int getSCount()
    public void setSCount(int)
    public int getFCount()
    public void setFCount(int)
    private java.lang.Object resultDesc
    private java.lang.Object resultData
    private int total
    private int pageNumber
    private java.lang.Object rows
    private java.lang.Object object
    private int sCount
    private int fCount
com.zhongping.yingyun.tool.Permission.PermissionsUtil$TipInfo
    private static final long serialVersionUID
com.zhongping.yingyun.activity.MsgCodeActivity
    public void getMsg(java.lang.String)
    com.zhongping.yingyun.bean.MsgBean msgBean
com.zhongping.yingyun.tool.Urls
com.zhongping.yingyun.activity.ForgetPsdActivity$3
com.zhongping.yingyun.BuildConfig
com.zhongping.yingyun.activity.LoginActivity_ViewBinding
    public void <init>(com.zhongping.yingyun.activity.LoginActivity)
com.zhongping.yingyun.R
com.zhongping.yingyun.R$id
com.zhongping.yingyun.bean.MsgBean
    public void <init>()
    public void setResultCode(java.lang.String)
    public java.lang.String getResultDesc()
    public void setResultDesc(java.lang.String)
    public java.lang.Object getResultData()
    public void setResultData(java.lang.Object)
    public int getTotal()
    public void setTotal(int)
    public int getPageNumber()
    public void setPageNumber(int)
    public java.lang.Object getRows()
    public void setRows(java.lang.Object)
    public java.lang.Object getObject()
    public void setObject(java.lang.Object)
    public int getSCount()
    public void setSCount(int)
    public int getFCount()
    public void setFCount(int)
    private java.lang.String resultCode
    private java.lang.String resultDesc
    private java.lang.Object resultData
    private int total
    private int pageNumber
    private java.lang.Object rows
    private java.lang.Object object
    private int sCount
    private int fCount
com.zhongping.yingyun.tool.SPUtils$SharedPreferencesCompat
    private void <init>()
com.zhongping.yingyun.activity.RegisterActivity_ViewBinding
    public void <init>(com.zhongping.yingyun.activity.RegisterActivity)
com.zhongping.yingyun.R$bool
com.zhongping.yingyun.R$integer
com.zhongping.yingyun.bean.LoginBean
com.zhongping.yingyun.tool.Permission.PermissionsUtil
    public void <init>()
    public static varargs void requestPermission(android.content.Context,com.zhongping.yingyun.tool.Permission.PermissionListener,java.lang.String[])
    public static void requestPermission(android.content.Context,com.zhongping.yingyun.tool.Permission.PermissionListener,java.lang.String[],boolean,com.zhongping.yingyun.tool.Permission.PermissionsUtil$TipInfo)
    public static final java.lang.String TAG
com.zhongping.yingyun.activity.LoginSuccessActivity_ViewBinding
    public void <init>(com.zhongping.yingyun.activity.LoginSuccessActivity)
com.zhongping.yingyun.activity.MsgCodeActivity_ViewBinding
    public void <init>(com.zhongping.yingyun.activity.MsgCodeActivity)
...
android.support.v4.app.SupportActivity
    public void putExtraData(android.support.v4.app.SupportActivity$ExtraData)
    public android.support.v4.app.SupportActivity$ExtraData getExtraData(java.lang.Class)
android.support.v4.util.LongSparseArray
    public void remove(long)
    public void removeAt(int)
    public void putAll(android.support.v4.util.LongSparseArray)
    public boolean isEmpty()
    public void setValueAt(int,java.lang.Object)
    public int indexOfKey(long)
    public int indexOfValue(java.lang.Object)
    public boolean containsKey(long)
    public boolean containsValue(java.lang.Object)
okhttp3.internal.ws.RealWebSocket$Close
android.support.v4.text.BidiFormatter
android.support.v4.view.MenuItemCompat
    public static void setShowAsAction(android.view.MenuItem,int)
    public static android.view.MenuItem setActionView(android.view.MenuItem,android.view.View)
    public static android.view.MenuItem setActionView(android.view.MenuItem,int)
    public static android.view.View getActionView(android.view.MenuItem)
    public static android.support.v4.view.ActionProvider getActionProvider(android.view.MenuItem)
    public static boolean expandActionView(android.view.MenuItem)
    public static boolean collapseActionView(android.view.MenuItem)
    public static boolean isActionViewExpanded(android.view.MenuItem)
    public static android.view.MenuItem setOnActionExpandListener(android.view.MenuItem,android.support.v4.view.MenuItemCompat$OnActionExpandListener)
    public static java.lang.CharSequence getContentDescription(android.view.MenuItem)
    public static java.lang.CharSequence getTooltipText(android.view.MenuItem)
    public static void setShortcut(android.view.MenuItem,char,char,int,int)
    public static int getNumericModifiers(android.view.MenuItem)
    public static int getAlphabeticModifiers(android.view.MenuItem)
    public static android.content.res.ColorStateList getIconTintList(android.view.MenuItem)
    public static android.graphics.PorterDuff$Mode getIconTintMode(android.view.MenuItem)
    private void <init>()
    private static final java.lang.String TAG
    public static final int SHOW_AS_ACTION_NEVER
android.support.coreui.R
android.support.v4.app.ActivityManagerCompat
android.support.v4.graphics.drawable.DrawableCompat
    public static void clearColorFilter(android.graphics.drawable.Drawable)
    public static android.graphics.drawable.Drawable unwrap(android.graphics.drawable.Drawable)
    private void <init>()
    private static final java.lang.String TAG
android.support.v4.app.FragmentTransition
    static boolean supportsTransition()
    private void <init>()
android.support.constraint.solver.widgets.ConstraintWidgetGroup
android.support.annotation.RequiresApi
android.support.annotation.InterpolatorRes
android.arch.lifecycle.MethodCallsLogger
    public boolean approveCall(java.lang.String,int)
okio.Base64
    private void <init>()
    public static byte[] decode(java.lang.String)
    public static java.lang.String encodeUrl(byte[])
android.support.v4.provider.FontsContractCompat$4$6
android.support.v4.view.NestedScrollingParentHelper
    public void onStopNestedScroll(android.view.View)
android.support.constraint.solver.widgets.ConstraintAnchor$Strength
okhttp3.internal.ws.RealWebSocket$PingRunnable
android.support.v4.widget.SwipeRefreshLayout
android.support.drawerlayout.R$style
android.support.v4.app.NotificationCompat
android.support.constraint.solver.widgets.ConstraintWidget$1
android.support.v4.os.ResultReceiver$MyRunnable
android.support.v7.widget.SuggestionsAdapter
    public int getQueryRefinement()
    public void close()
    private static final boolean DBG
    private static final java.lang.String LOG_TAG
    private static final int QUERY_LIMIT
    static final int REFINE_NONE
    static final int REFINE_BY_ENTRY
    static final int REFINE_ALL
    static final int INVALID_INDEX
android.support.v7.widget.RtlSpacingHelper
    public static final int UNDEFINED